<?xml version="1.0" encoding="UTF-8"?>
<!-- Generated by org.testng.reporters.JUnitReportReporter -->
<testsuite hostname="user-PC" name="com.FCI.SWE.BackendTesting.Message" tests="1" failures="0" timestamp="10 May 2015 15:46:38 GMT" time="0.021" errors="0">
  <testcase name="messageTest" time="0.021" classname="com.FCI.SWE.BackendTesting.Message"/>
</testsuite> <!-- com.FCI.SWE.BackendTesting.Message -->
