<?xml version="1.0" encoding="UTF-8"?>
<!-- Generated by org.testng.reporters.JUnitReportReporter -->
<testsuite hostname="user-PC" name="com.FCI.SWE.BackendTesting.SendFriend" tests="2" failures="0" timestamp="10 May 2015 15:46:38 GMT" time="0.044" errors="0">
  <testcase name="sendfriendtest" time="0.027" classname="com.FCI.SWE.BackendTesting.SendFriend"/>
  <testcase name="sendfriendtest2" time="0.017" classname="com.FCI.SWE.BackendTesting.SendFriend"/>
</testsuite> <!-- com.FCI.SWE.BackendTesting.SendFriend -->
