<?xml version="1.0" encoding="UTF-8"?>
<!-- Generated by org.testng.reporters.JUnitReportReporter -->
<testsuite hostname="user-PC" name="com.FCI.SWE.BackendTesting.Page" tests="1" failures="0" timestamp="10 May 2015 15:46:38 GMT" time="0.029" errors="0">
  <testcase name="pageTest" time="0.029" classname="com.FCI.SWE.BackendTesting.Page"/>
</testsuite> <!-- com.FCI.SWE.BackendTesting.Page -->
